<?xml version="1.0" encoding="utf-8"?><testsuites name="pytest tests"><testsuite name="pytest" errors="0" failures="0" skipped="0" tests="29" time="7.900" timestamp="2026-02-17T15:24:48.903188+00:00" hostname="agent-env-9226256b-3ade-4e76-81b1-0f56de52be24"><testcase classname="backend.tests.test_burapay_api.TestHealthCheck" name="test_api_root" time="0.215" /><testcase classname="backend.tests.test_burapay_api.TestAuthEndpoints" name="test_login_creates_user" time="0.132" /><testcase classname="backend.tests.test_burapay_api.TestAuthEndpoints" name="test_login_admin_user" time="0.169" /><testcase classname="backend.tests.test_burapay_api.TestAuthEndpoints" name="test_login_missing_telegram_id" time="0.124" /><testcase classname="backend.tests.test_burapay_api.TestUserEndpoints" name="test_get_user_profile" time="0.237" /><testcase classname="backend.tests.test_burapay_api.TestUserEndpoints" name="test_get_nonexistent_user" time="0.131" /><testcase classname="backend.tests.test_burapay_api.TestUserEndpoints" name="test_update_language" time="0.403" /><testcase classname="backend.tests.test_burapay_api.TestUserEndpoints" name="test_update_language_invalid" time="0.129" /><testcase classname="backend.tests.test_burapay_api.TestWalletEndpoints" name="test_add_uzcard_wallet" time="0.234" /><testcase classname="backend.tests.test_burapay_api.TestWalletEndpoints" name="test_add_humo_wallet" time="0.117" /><testcase classname="backend.tests.test_burapay_api.TestWalletEndpoints" name="test_add_mostbet_uzs_wallet" time="0.107" /><testcase classname="backend.tests.test_burapay_api.TestWalletEndpoints" name="test_add_mostbet_usd_wallet" time="0.127" /><testcase classname="backend.tests.test_burapay_api.TestWalletEndpoints" name="test_wallets_persist_in_user_profile" time="0.125" /><testcase classname="backend.tests.test_burapay_api.TestTransactionEndpoints" name="test_create_deposit_transaction" time="0.614" /><testcase classname="backend.tests.test_burapay_api.TestTransactionEndpoints" name="test_create_deposit_usd" time="0.345" /><testcase classname="backend.tests.test_burapay_api.TestTransactionEndpoints" name="test_create_withdraw_transaction" time="0.520" /><testcase classname="backend.tests.test_burapay_api.TestTransactionEndpoints" name="test_get_transaction_history" time="0.138" /><testcase classname="backend.tests.test_burapay_api.TestAdminCardsEndpoints" name="test_get_admin_cards" time="0.129" /><testcase classname="backend.tests.test_burapay_api.TestAdminCardsEndpoints" name="test_add_admin_card" time="0.293" /><testcase classname="backend.tests.test_burapay_api.TestAdminCardsEndpoints" name="test_delete_nonexistent_card" time="0.134" /><testcase classname="backend.tests.test_burapay_api.TestAdminSettingsEndpoints" name="test_get_settings" time="0.114" /><testcase classname="backend.tests.test_burapay_api.TestAdminSettingsEndpoints" name="test_update_settings" time="0.524" /><testcase classname="backend.tests.test_burapay_api.TestAdminTransactionEndpoints" name="test_get_pending_transactions" time="0.147" /><testcase classname="backend.tests.test_burapay_api.TestAdminTransactionEndpoints" name="test_get_admin_stats" time="0.147" /><testcase classname="backend.tests.test_burapay_api.TestAdminTransactionEndpoints" name="test_get_all_users" time="0.134" /><testcase classname="backend.tests.test_burapay_api.TestAdminTransactionEndpoints" name="test_search_users_by_id" time="0.138" /><testcase classname="backend.tests.test_burapay_api.TestAdminTransactionEndpoints" name="test_search_users_by_name" time="0.153" /><testcase classname="backend.tests.test_burapay_api.TestTransactionApprovalFlow" name="test_approve_deposit_increases_balance" time="0.818" /><testcase classname="backend.tests.test_burapay_api.TestTransactionApprovalFlow" name="test_reject_deposit_no_balance_change" time="1.070" /></testsuite></testsuites>