<?xml version="1.0" encoding="utf-8"?><testsuites name="pytest tests"><testsuite name="pytest" errors="0" failures="0" skipped="0" tests="33" time="10.058" timestamp="2026-02-17T19:10:13.788379+00:00" hostname="agent-env-07c695a7-aa73-462a-a7c0-74a14a86b08a"><testcase classname="backend.tests.test_burapay_api.TestHealthCheck" name="test_api_root" time="0.139" /><testcase classname="backend.tests.test_burapay_api.TestAuthEndpoints" name="test_login_creates_user" time="0.137" /><testcase classname="backend.tests.test_burapay_api.TestAuthEndpoints" name="test_login_admin_user" time="0.173" /><testcase classname="backend.tests.test_burapay_api.TestAuthEndpoints" name="test_login_missing_telegram_id" time="0.146" /><testcase classname="backend.tests.test_burapay_api.TestUserEndpoints" name="test_get_user_profile" time="0.313" /><testcase classname="backend.tests.test_burapay_api.TestUserEndpoints" name="test_get_nonexistent_user" time="0.157" /><testcase classname="backend.tests.test_burapay_api.TestUserEndpoints" name="test_update_language" time="0.510" /><testcase classname="backend.tests.test_burapay_api.TestUserEndpoints" name="test_update_language_invalid" time="0.176" /><testcase classname="backend.tests.test_burapay_api.TestWalletEndpoints" name="test_add_uzcard_wallet" time="0.135" /><testcase classname="backend.tests.test_burapay_api.TestWalletEndpoints" name="test_add_humo_wallet" time="0.119" /><testcase classname="backend.tests.test_burapay_api.TestWalletEndpoints" name="test_add_mostbet_uzs_wallet" time="0.168" /><testcase classname="backend.tests.test_burapay_api.TestWalletEndpoints" name="test_add_mostbet_usd_wallet" time="0.212" /><testcase classname="backend.tests.test_burapay_api.TestWalletEndpoints" name="test_wallets_persist_in_user_profile" time="0.158" /><testcase classname="backend.tests.test_burapay_api.TestTransactionEndpoints" name="test_create_deposit_transaction" time="0.300" /><testcase classname="backend.tests.test_burapay_api.TestTransactionEndpoints" name="test_create_deposit_usd" time="0.554" /><testcase classname="backend.tests.test_burapay_api.TestTransactionEndpoints" name="test_create_withdraw_transaction" time="0.505" /><testcase classname="backend.tests.test_burapay_api.TestTransactionEndpoints" name="test_get_transaction_history" time="0.170" /><testcase classname="backend.tests.test_burapay_api.TestAdminCardsEndpoints" name="test_get_admin_cards" time="0.191" /><testcase classname="backend.tests.test_burapay_api.TestAdminCardsEndpoints" name="test_add_admin_card" time="0.292" /><testcase classname="backend.tests.test_burapay_api.TestAdminCardsEndpoints" name="test_delete_nonexistent_card" time="0.120" /><testcase classname="backend.tests.test_burapay_api.TestAdminSettingsEndpoints" name="test_get_settings" time="0.157" /><testcase classname="backend.tests.test_burapay_api.TestAdminSettingsEndpoints" name="test_get_settings_mostbet_api_key" time="0.175" /><testcase classname="backend.tests.test_burapay_api.TestAdminSettingsEndpoints" name="test_get_settings_mostbet_cashpoint_id" time="0.224" /><testcase classname="backend.tests.test_burapay_api.TestAdminSettingsEndpoints" name="test_update_settings" time="0.609" /><testcase classname="backend.tests.test_burapay_api.TestMostbetKassaEndpoints" name="test_get_kassa_balance" time="0.747" /><testcase classname="backend.tests.test_burapay_api.TestMostbetKassaEndpoints" name="test_kassa_balance_response_structure" time="0.753" /><testcase classname="backend.tests.test_burapay_api.TestAdminTransactionEndpoints" name="test_get_pending_transactions" time="0.147" /><testcase classname="backend.tests.test_burapay_api.TestAdminTransactionEndpoints" name="test_get_admin_stats" time="0.138" /><testcase classname="backend.tests.test_burapay_api.TestAdminTransactionEndpoints" name="test_get_all_users" time="0.193" /><testcase classname="backend.tests.test_burapay_api.TestAdminTransactionEndpoints" name="test_search_users_by_id" time="0.149" /><testcase classname="backend.tests.test_burapay_api.TestAdminTransactionEndpoints" name="test_search_users_by_name" time="0.178" /><testcase classname="backend.tests.test_burapay_api.TestTransactionApprovalFlow" name="test_approve_deposit_increases_balance" time="0.871" /><testcase classname="backend.tests.test_burapay_api.TestTransactionApprovalFlow" name="test_reject_deposit_no_balance_change" time="0.977" /></testsuite></testsuites>